--2026-07-11 15:20:36--  https://downloads.cs.stanford.edu/nlp/data/wordvecs/glove.840B.300d.zip
Resolving downloads.cs.stanford.edu (downloads.cs.stanford.edu)... 171.64.64.22
Connecting to downloads.cs.stanford.edu (downloads.cs.stanford.edu)|171.64.64.22|:443... connected.
HTTP request sent, awaiting response... 200 OK
Length: 2176768976 (2.0G) [application/zip]
Saving to: ‘/root/autodl-tmp/imdb_sentiment_analysis_torch/glove/glove.840B.300d.zip’

     0K .......... .......... .......... .......... ..........  0% 40.9K 14h25m
    50K .......... .......... .......... .......... ..........  0% 39.7K 14h39m
   100K .......... .......... .......... .......... ..........  0% 31.9K 15h55m
   150K .......... .......... .......... .......... ..........  0% 33.3K 16h22m
   200K .......... .......... .......... .......... ..........  0% 27.8K 17h20m
   250K .......... .......... .......... .......... ..........  0% 28.7K 17h52m
   300K .......... .......... .......... .......... ..........  0% 18.9K 19h47m
   350K .......... .......... .......... .......... ..........  0% 13.9K 22h36m
   400K .......... .......... .......... .......... ..........  0% 39.5K 21h45m
   450K .......... .......... .......... .......... ..........  0% 23.9K 22h3m
   500K .......... .......... .......... .......... ..........  0% 30.2K 21h49m
   550K .......... .......... .......... .......... ..........  0% 31.9K 21h32m
   600K .......... .......... .......... .......... ..........  0% 29.2K 21h26m
   650K .......... .......... .......... .......... ..........  0% 29.2K 21h21m
   700K .......... .......... .......... .......... ..........  0% 30.9K 21h12m
   750K .......... .......... .......... .......... ..........  0% 21.5K 21h35m
   800K .......... .......... .......... .......... ..........  0% 28.7K 21h32m
   850K .......... .......... .......... .......... ..........  0% 31.9K 21h22m
   900K .......... .......... .......... .......... ..........  0% 22.6K 21h37m
   950K .......... .......... .......... .......... ..........  0% 31.7K 21h28m
  1000K .......... .......... .......... .......... ..........  0% 10.6K 23h6m
  1050K .......... .......... .......... .......... ..........  0% 23.5K 23h11m
  1100K .......... .......... .......... .......... ..........  0% 19.3K 23h30m
  1150K .......... .......... .......... .......... ..........  0% 21.5K 23h40m
  1200K .......... .......... .......... .......... ..........  0% 14.6K 24h21m
  1250K .......... .......... .......... .......... ..........  0% 13.6K 25h5m
  1300K .......... .......... .......... .......... ..........  0% 27.6K 24h57m
  1350K .......... .......... .......... .......... ..........  0% 21.6K 25h2m
  1400K .......... .......... .......... .......... ..........  0% 20.4K 25h10m
  1450K .......... .......... .......... .......... ..........  0% 27.6K 25h2m
  1500K .......... .......... .......... .......... ..........  0% 14.2K 25h34m
  1550K .......... .......... .......... .......... ..........  0% 11.3K 26h24m
  1600K .......... .......... .......... .......... ..........  0% 12.0K 27h5m
  1650K .......... .......... .......... .......... ..........  0% 22.6K 27h3m
  1700K .......... .......... .......... .......... ..........  0% 11.7K 27h43m
  1750K .......... .......... .......... .......... ..........  0% 18.9K 27h49m
  1800K .......... .......... .......... .......... ..........  0% 28.5K 27h37m
  1850K .......... .......... .......... .......... ..........  0% 35.4K 27h20m
  1900K .......... .......... .......... .......... ..........  0% 28.5K 27h10m
  1950K .......... .......... .......... .......... ..........  0% 23.7K 27h6m
  2000K .......... .......... .......... .......... ..........  0% 36.9K 26h50m
  2050K .......... .......... .......... .......... ..........  0% 33.9K 26h36m
  2100K .......... .......... .......... .......... ..........  0% 24.8K 26h32m
  2150K .......... .......... .......... .......... ..........  0% 20.6K 26h35m
  2200K .......... .......... .......... .......... ..........  0% 16.9K 26h46m
  2250K .......... .......... .......... .......... ..........  0% 25.6K 26h41m
  2300K .......... .......... .......... .......... ..........  0% 28.0K 26h34m
  2350K .......... .......... .......... .......... ..........  0% 15.7K 26h48m
  2400K .......... .......... .......... .......... ..........  0% 29.1K 26h40m
  2450K .......... .......... .......... .......... ..........  0% 30.4K 26h31m
  2500K .......... .......... .......... .......... ..........  0% 30.0K 26h23m
  2550K .......... .......... .......... .......... ..........  0% 31.5K 26h14m
  2600K .......... .......... .......... .......... ..........  0% 29.7K 26h7m
  2650K .......... .......... .......... .......... ..........  0% 39.3K 25h54m
  2700K .......... .......... .......... .......... ..........  0% 36.8K 25h43m
  2750K .......... .......... .......... .......... ..........  0% 20.3K 25h47m
  2800K .......... .......... .......... .......... ..........  0% 16.6K 25h57m
  2850K .......... .......... .......... .......... ..........  0% 16.5K 26h7m
  2900K .......... .......... .......... .......... ..........  0% 11.3K 26h34m
  2950K .......... .......... .......... .......... ..........  0% 25.7K 26h30m
  3000K .......... .......... .......... .......... ..........  0% 28.2K 26h25m
  3050K .......... .......... .......... .......... ..........  0% 41.0K 26h13m
  3100K .......... .........