Looking in indexes: http://mirrors.aliyun.com/pypi/simple
Collecting pandas==2.2.3 (from -r requirements.txt (line 1))
  Downloading http://mirrors.aliyun.com/pypi/packages/38/f8/d8fddee9ed0d0c0f4a2132c1dfcf0e3e53265055da8df952a53e7eaf178c/pandas-2.2.3-cp312-cp312-manylinux_2_17_x86_64.manylinux2014_x86_64.whl (12.7 MB)
     ━━━━━━━━━━━━━━━━━━━━━━━━━━━━━━━━━━━━━━━ 12.7/12.7 MB 162.8 MB/s eta 0:00:00
Collecting scikit-learn==1.5.2 (from -r requirements.txt (line 2))
  Downloading http://mirrors.aliyun.com/pypi/packages/c6/29/044048c5e911373827c0e1d3051321b9183b2a4f8d4e2f11c08fcff83f13/scikit_learn-1.5.2-cp312-cp312-manylinux_2_17_x86_64.manylinux2014_x86_64.whl (12.9 MB)
     ━━━━━━━━━━━━━━━━━━━━━━━━━━━━━━━━━━━━━━━ 12.9/12.9 MB 174.4 MB/s eta 0:00:00
Collecting beautifulsoup4==4.12.3 (from -r requirements.txt (line 3))
  Downloading http://mirrors.aliyun.com/pypi/packages/b1/fe/e8c672695b37eecc5cbf43e1d0638d88d66ba3a44c4d321c796f4e59167f/beautifulsoup4-4.12.3-py3-none-any.whl (147 kB)
     ━━━━━━━━━━━━━━━━━━━━━━━━━━━━━━━━━━━━━━ 147.9/147.9 kB 53.4 MB/s eta 0:00:00
Collecting lxml==5.3.0 (from -r requirements.txt (line 4))
  Downloading http://mirrors.aliyun.com/pypi/packages/0a/6e/94537acfb5b8f18235d13186d247bca478fea5e87d224644e0fe907df976/lxml-5.3.0-cp312-cp312-manylinux_2_28_x86_64.whl (4.9 MB)
     ━━━━━━━━━━━━━━━━━━━━━━━━━━━━━━━━━━━━━━━━ 4.9/4.9 MB 122.3 MB/s eta 0:00:00
Collecting tqdm==4.67.1 (from -r requirements.txt (line 5))
  Downloading http://mirrors.aliyun.com/pypi/packages/d0/30/dc54f88dd4a2b5dc8a0279bdd7270e735851848b762aeb1c1184ed1f6b14/tqdm-4.67.1-py3-none-any.whl (78 kB)
     ━━━━━━━━━━━━━━━━━━━━━━━━━━━━━━━━━━━━━━━━ 78.5/78.5 kB 30.1 MB/s eta 0:00:00
Collecting gensim==4.4.0 (from -r requirements.txt (line 6))
  Downloading http://mirrors.aliyun.com/pypi/packages/97/2c/c29701826c963b04a43d5d7b87573a74040387ab9219e65b10f377d22b5b/gensim-4.4.0-cp312-cp312-manylinux_2_24_x86_64.manylinux_2_28_x86_64.whl (27.9 MB)
     ━━━━━━━━━━━━━━━━━━━━━━━━━━━━━━━━━━━━━━━━ 27.9/27.9 MB 8.1 MB/s eta 0:00:00
Collecting transformers==4.46.3 (from -r requirements.txt (line 7))
  Downloading http://mirrors.aliyun.com/pypi/packages/51/51/b87caa939fedf307496e4dbf412f4b909af3d9ca8b189fc3b65c1faa456f/transformers-4.46.3-py3-none-any.whl (10.0 MB)
     ━━━━━━━━━━━━━━━━━━━━━━━━━━━━━━━━━━━━━━━ 10.0/10.0 MB 142.6 MB/s eta 0:00:00
Collecting datasets==3.1.0 (from -r requirements.txt (line 8))
  Downloading http://mirrors.aliyun.com/pypi/packages/ed/a5/33cf000137545a08b0a3a6ea76c8ccbd87917f78bb5d737f9f56f3b11ef6/datasets-3.1.0-py3-none-any.whl (480 kB)
     ━━━━━━━━━━━━━━━━━━━━━━━━━━━━━━━━━━━━━━ 480.6/480.6 kB 69.1 MB/s eta 0:00:00
Collecting evaluate==0.4.3 (from -r requirements.txt (line 9))
  Downloading http://mirrors.aliyun.com/pypi/packages/a2/e7/cbca9e2d2590eb9b5aa8f7ebabe1beb1498f9462d2ecede5c9fd9735faaf/evaluate-0.4.3-py3-none-any.whl (84 kB)
     ━━━━━━━━━━━━━━━━━━━━━━━━━━━━━━━━━━━━━━━━ 84.0/84.0 kB 2.4 MB/s eta 0:00:00
Collecting accelerate==1.1.1 (from -r requirements.txt (line 10))
  Downloading http://mirrors.aliyun.com/pypi/packages/d1/d5/0050b2820a1e709ffa623f9a9e8ae42d0903535f2150613cbfeb7f16932a/accelerate-1.1.1-py3-none-any.whl (333 kB)
     ━━━━━━━━━━━━━━━━━━━━━━━━━━━━━━━━━━━━━━ 333.2/333.2 kB 37.2 MB/s eta 0:00:00
Requirement already satisfied: numpy>=1.26.0 in /root/miniconda3/lib/python3.12/site-packages (from pandas==2.2.3->-r requirements.txt (line 1)) (2.3.2)
Requirement already satisfied: python-dateutil>=2.8.2 in /root/miniconda3/lib/python3.12/site-packages (from pandas==2.2.3->-r requirements.txt (line 1)) (2.9.0.post0)
Collecting pytz>=2020.1 (from pandas==2.2.3->-r requirements.txt (line 1))
  Downloading http://mirrors.aliyun.com/pypi/packages/ec/dd/96da98f892250475bdf2328112d7468abdd4acc7b902b6af23f4ed958ea0/pytz-2026.2-py2.py3-none-any.whl (510 kB)
     ━━━━━━━━━━━━━━━━━━━━━━━━━━━━━━━━━━━━━━ 510.1/510.1 kB 77.4 MB/s eta 0:00:00
Collecting tzdata>=2022.7 (from pandas==2.2.3->-r requirements.txt (line 1))
  Downloading http://mirrors.aliyun.com/pypi/packages/e5/6d/b53b99a9f2766d095985947a5782f1702cabb129a34f7a802d7197af832f/tzdata-2026.3-py2.py3-none-any.whl (348 kB)
     ━━━━━━━━━━━━━━━━━━━━━━━━━━━━━━━━━━━━━━ 348.2/348.2 kB 81.3 MB/s eta 0:00:00
Collecting scipy>=1.6.0 (from scikit-learn==1.5.2->-r requirements.txt (line 2))
  Downloading http://mirrors.aliyun.com/pypi/packages/dd/aa/1b939f6c67ed68635bb538e6752d3dacc02f66535182e939a89581a44e9c/scipy-1.18.0-cp312-cp312-manylinux_2_27_x86_64.manylinux_2_28_x86_64.whl (35.3 MB)
     ━━━━━━━━━━━━━━━━━━━━━━━━━━━━━━━━━━━━━━━ 35.3/35.3 MB 100.8 MB/s eta 0:00:00
Collecting joblib>=1.2.0 (from scikit-learn==1.5.2->-r requirements.txt (line 2))
  Downloading http://mirrors.aliyun.com/pypi/packages/7b/91/984aca2ec129e2757d1e4e3c81c3fcda9d0f85b74670a094cc443d9ee949/joblib-1.5.3-py3-none-any.whl (309 kB)
     ━━━━━━━━━━━━━━━━━━━━━━━━━━━━━━━━━━━━━━ 309.1/309.1 kB 86.6 MB/s eta 0:00:00
Collecting threadpoolctl>=3.1.0 (from scikit-learn==1.5.2->-r requirements.txt (line 2))
  Downloading http://mirrors.aliyun.com/pypi/packages/32/d5/f9a850d79b0851d1d4ef6456097579a9005b31fea68726a4ae5f2d82ddd9/threadpoolctl-3.6.0-py3-none-any.whl (18 kB)
Requirement already satisfied: soupsieve>1.2 in /root/miniconda3/lib/python3.12/site-packages (from beautifulsoup4==4.12.3->-r requirements.txt (line 3)) (2.7)
Collecting smart_open>=1.8.1 (from gensim==4.4.0->-r requirements.txt (line 6))
  Downloading http://mirrors.aliyun.com/pypi/packages/b4/bd/1c92e69a1daff70118f21e18ef3a100c114f00f08b64a1074484f12d9020/smart_open-8.0.0-py3-none-any.whl (73 kB)
     ━━━━━━━━━━━━━━━━━━━━━━━━━━━━━━━━━━━━━━━━ 73.0/73.0 kB 13.3 MB/s eta 0:00:00
Requirement already satisfied: filelock in /root/miniconda3/lib/python3.12/site-packages (from transformers==4.46.3->-r requirements.txt (line 7)) (3.18.0)
Collecting huggingface-hub<1.0,>=0.23.2 (from transformers==4.46.3->-r requirements.txt (line 7))
  Downloading http://mirrors.aliyun.com/pypi/packages/a8/af/48ac8483240de756d2438c380746e7130d1c6f75802ef22f3c6d49982787/huggingface_hub-0.36.2-py3-none-any.whl (566 kB)
     ━━━━━━━━━━━━━━━━━━━━━━━━━━━━━━━━━━━━━━ 566.4/566.4 kB 63.1 MB/s eta 0:00:00
Requirement already satisfied: packaging>=20.0 in /root/miniconda3/lib/python3.12/site-packages (from transformers==4.46.3->-r requirements.txt (line 7)) (23.2)
Requirement already satisfied: pyyaml>=5.1 in /root/miniconda3/lib/python3.12/site-packages (from transformers==4.46.3->-r requirements.txt (line 7)) (6.0.2)
Collecting regex!=2019.12.17 (from transformers==4.46.3->-r requirements.txt (line 7))
  Downloading http://mirrors.aliyun.com/pypi/packages/0b/1c/8687de3a6c3220f4f872a9bf4bcd8dc249f2a96e7dddfa93de8bd4d16399/regex-2026.7.10-cp312-cp312-manylinux2014_x86_64.manylinux_2_17_x86_64.manylinux_2_28_x86_64.whl (801 kB)
     ━━━━━━━━━━━━━━━━━━━━━━━━━━━━━━━━━━━━━ 801.3/801.3 kB 102.7 MB/s eta 0:00:00
Requirement already satisfied: requests in /root/miniconda3/lib/python3.12/site-packages (from transformers==4.46.3->-r requirements.txt (line 7)) (2.31.0)
Collecting tokenizers<0.21,>=0.20 (from transformers==4.46.3->-r requirements.txt (line 7))
  Downloading http://mirrors.aliyun.com/pypi/packages/9e/65/c83cb3545a65a9eaa2e13b22c93d5e00bd7624b354a44adbdc93d5d9bd91/tokenizers-0.20.3-cp312-cp312-manylinux_2_17_x86_64.manylinux2014_x86_64.whl (3.0 MB)
     ━━━━━━━━━━━━━━━━━━━━━━━━━━━━━━━━━━━━━━━━ 3.0/3.0 MB 118.9 MB/s eta 0:00:00
Collecting safetensors>=0.4.1 (from transformers==4.46.3->-r requirements.txt (line 7))
  Downloading http://mirrors.aliyun.com/pypi/packages/28/50/f203ff3a3ddfe19308efc83c5a3a29ed02bf786732ec35e68bf9162f3365/safetensors-0.8.0-cp310-abi3-manylinux_2_17_x86_64.manylinux2014_x86_64.whl (516 kB)
     ━━━━━━━━━━━━━━━━━━━━━━━━━━━━━━━━━━━━━━ 516.0/516.0 kB 55.2 MB/s eta 0:00:00
Collecting pyarrow>=15.0.0 (from datasets==3.1.0->-r requirements.txt (line 8))
  Downloading http://mirrors.aliyun.com/pypi/packages/55/0e/cd705c042bc4fe7022478db577fcab4abdcfabb9bc37ab7a75556b3fcb2b/pyarrow-25.0.0-cp312-cp312-manylinux_2_28_x86_64.whl (50.1 MB)
     ━━━━━━━━━━━━━━━━━━━━━━━━━━━━━━━━━━━━━━━━ 50.1/50.1 MB 87.3 MB/s eta 0:00:00
Collecting dill<0.3.9,>=0.3.0 (from datasets==3.1.0->-r requirements.txt (line 8))
  Downloading http://mirrors.aliyun.com/pypi/packages/c9/7a/cef76fd8438a42f96db64ddaa85280485a9c395e7df3db8158cfec1eee34/dill-0.3.8-py3-none-any.whl (116 kB)
     ━━━━━━━━━━━━━━━━━━━━━━━━━━━━━━━━━━━━━━ 116.3/116.3 kB 42.8 MB/s eta 0:00:00
Collecting requests (from transformers==4.46.3->-r requirements.txt (line 7))
  Downloading http://mirrors.aliyun.com/pypi/packages/a0/f4/c67b0b3f1b9245e8d266f0f112c500d50e5b4e83cb6f3b71b6528104182a/requests-2.34.2-py3-none-any.whl (73 kB)
     ━━━━━━━━━━━━━━━━━━━━━━━━━━━━━━━━━━━━━━━━ 73.1/73.1 kB 27.6 MB/s eta 0:00:00
Collecting xxhash (from datasets==3.1.0->-r requirements.txt (line 8))
  Downloading http://mirrors.aliyun.com/pypi/packages/18/96/34db781c8f0cf99c544ca1f2bc2e5bf55426e1eb4ca6de8ea5da56a9f352/xxhash-3.8.1-cp312-cp312-manylinux2014_x86_64.manylinux_2_17_x86_64.manylinux_2_28_x86_64.whl (220 kB)
     ━━━━━━━━━━━━━━━━━━━━━━━━━━━━━━━━━━━━━━ 220.5/220.5 kB 59.1 MB/s eta 0:00:00
Collecting multiprocess<0.70.17 (from datasets==3.1.0->-r requirements.txt (line 8))
  Downloading http://mirrors.aliyun.com/pypi/packages/0a/7d/a988f258104dcd2ccf1ed40fdc97e26c4ac351eeaf81d76e266c52d84e2f/multiprocess-0.70.16-py312-none-any.whl (146 kB)
     ━━━━━━━━━━━━━━━━━━━━━━━━━━━━━━━━━━━━━━ 146.7/146.7 kB 47.4 MB/s eta 0:00:00
Collecting fsspec<=2024.9.0,>=2023.1.0 (from fsspec[http]<=2024.9.0,>=2023.1.0->datasets==3.1.0->-r requirements.txt (line 8))
  Downloading http://mirrors.aliyun.com/pypi/packages/1d/a0/6aaea0c2fbea2f89bfd5db25fb1e3481896a423002ebe4e55288907a97a3/fsspec-2024.9.0-py3-none-any.whl (179 kB)
     ━━━━━━━━━━━━━━━━━━━━━━━━━━━━━━━━━━━━━━ 179.3/179.3 kB 54.6 MB/s eta 0:00:00
Collecting aiohttp (from datasets==3.1.0->-r requirements.txt (line 8))
  Downloading http://mirrors.aliyun.com/pypi/packages/20/9c/d445818389df371f56d141d881153ba23183c4735a03f7356ffb43f7757d/aiohttp-3.14.1-cp312-cp312-manylinux2014_x86_64.manylinux_2_17_x86_64.manylinux_2_28_x86_64.whl (1.8 MB)
     ━━━━━━━━━━━━━━━━━━━━━━━━━━━━━━━━━━━━━━━━ 1.8/1.8 MB 142.6 MB/s eta 0:00:00
Requirement already satisfied: psutil in /root/miniconda3/lib/python3.12/site-packages (from accelerate==1.1.1->-r requirements.txt (line 10)) (7.0.0)
Requirement already satisfied: torch>=1.10.0 in /root/miniconda3/lib/python3.12/site-packages (from accelerate==1.1.1->-r requirements.txt (line 10)) (2.8.0+cu128)
Collecting aiohappyeyeballs>=2.5.0 (from aiohttp->datasets==3.1.0->-r requirements.txt (line 8))
  Downloading http://mirrors.aliyun.com/pypi/packages/71/43/1947f06babed6b3f1d7f38b0c767f52df66bfb2bc10b468c4a7de9eceff2/aiohappyeyeballs-2.7.1-py3-none-any.whl (15 kB)
Collecting aiosignal>=1.4.0 (from aiohttp->datasets==3.1.0->-r requirements.txt (line 8))
  Downloading http://mirrors.aliyun.com/pypi/packages/fb/76/641ae371508676492379f16e2fa48f4e2c11741bd63c48be4b12a6b09cba/aiosignal-1.4.0-py3-none-any.whl (7.5 kB)
Requirement already satisfied: attrs>=17.3.0 in /root/miniconda3/lib/python3.12/site-packages (from aiohttp->datasets==3.1.0->-r requirements.txt (line 8)) (25.3.0)
Collecting frozenlist>=1.1.1 (from aiohttp->datasets==3.1.0->-r requirements.txt (line 8))
  Downloading http://mirrors.aliyun.com/pypi/packages/6a/bd/d91c5e39f490a49df14320f4e8c80161cfcce09f1e2cde1edd16a551abb3/frozenlist-1.8.0-cp312-cp312-manylinux1_x86_64.manylinux_2_28_x86_64.manylinux_2_5_x86_64.whl (242 kB)
     ━━━━━━━━━━━━━━━━━━━━━━━━━━━━━━━━━━━━━━ 242.4/242.4 kB 68.6 MB/s eta 0:00:00
Collecting multidict<7.0,>=4.5 (from aiohttp->datasets==3.1.0->-r requirements.txt (line 8))
  Downloading http://mirrors.aliyun.com/pypi/packages/f3/8d/5e5be3ced1d12966fefb5c4ea3b2a5b480afcea36406559442c6e31d4a48/multidict-6.7.1-cp312-cp312-manylinux2014_x86_64.manylinux_2_17_x86_64.manylinux_2_28_x86_64.whl (256 kB)
     ━━━━━━━━━━━━━━━━━━━━━━━━━━━━━━━━━━━━━━ 256.3/256.3 kB 74.1 MB/s eta 0:00:00
Collecting propcache>=0.2.0 (from aiohttp->datasets==3.1.0->-r requirements.txt (line 8))
  Downloading http://mirrors.aliyun.com/pypi/packages/14/15/5574111ae50dd6e879456888c0eadd4c5a869959775854e18e18a6b345f3/propcache-0.5.2-cp312-cp312-manylinux2014_x86_64.manylinux_2_17_x86_64.manylinux_2_28_x86_64.whl (61 kB)
     ━━━━━━━━━━━━━━━━━━━━━━━━━━━━━━━━━━━━━━━━ 61.6/61.6 kB 29.7 MB/s eta 0:00:00
Requirement already satisfied: typing_extensions>=4.4 in /root/miniconda3/lib/python3.12/site-packages (from aiohttp->datasets==3.1.0->-r requirements.txt (line 8)) (4.14.1)
Collecting yarl<2.0,>=1.17.0 (from aiohttp->datasets==3.1.0->-r requirements.txt (line 8))
  Downloading http://mirrors.aliyun.com/pypi/packages/7a/da/323a01c349bd5fb01bb6652e314d9bb218cee630a736bdb810ad50e4013f/yarl-1.24.2-cp312-cp312-manylinux2014_x86_64.manylinux_2_17_x86_64.manylinux_2_28_x86_64.whl (105 kB)
     ━━━━━━━━━━━━━━━━━━━━━━━━━━━━━━━━━━━━━━ 105.6/105.6 kB 41.5 MB/s eta 0:00:00
Collecting hf-xet<2.0.0,>=1.1.3 (from huggingface-hub<1.0,>=0.23.2->transformers==4.46.3->-r requirements.txt (line 7))
  Downloading http://mirrors.aliyun.com/pypi/packages/de/cc/f99f4bc7295023d7bd9ebbfd51f75cc530ca262c1227666268b8208f4b77/hf_xet-1.5.1-cp37-abi3-manylinux2014_x86_64.manylinux_2_17_x86_64.whl (4.5 MB)
     ━━━━━━━━━━━━━━━━━━━━━━━━━━━━━━━━━━━━━━━━ 4.5/4.5 MB 156.5 MB/s eta 0:00:00
Requirement already satisfied: six>=1.5 in /root/miniconda3/lib/python3.12/site-packages (from python-dateutil>=2.8.2->pandas==2.2.3->-r requirements.txt (line 1)) (1.17.0)
Requirement already satisfied: charset_normalizer<4,>=2 in /root/miniconda3/lib/python3.12/site-packages (from requests->transformers==4.46.3->-r requirements.txt (line 7)) (2.0.4)
Requirement already satisfied: idna<4,>=2.5 in /root/miniconda3/lib/python3.12/site-packages (from requests->transformers==4.46.3->-r requirements.txt (line 7)) (3.7)
Requirement already satisfied: urllib3<3,>=1.26 in /root/miniconda3/lib/python3.12/site-packages (from requests->transformers==4.46.3->-r requirements.txt (line 7)) (2.1.0)
Requirement already satisfied: certifi>=2023.5.7 in /root/miniconda3/lib/python3.12/site-packages (from requests->transformers==4.46.3->-r requirements.txt (line 7)) (2024.2.2)
Collecting wrapt (from smart_open>=1.8.1->gensim==4.4.0->-r requirements.txt (line 6))
  Downloading http://mirrors.aliyun.com/pypi/packages/5f/b3/7e6e9fcf4fe7e1b69a49fe6cc5a44e8224bab6283c5233c97e132f14908e/wrapt-2.2.2-cp312-cp312-manylinux1_x86_64.manylinux_2_28_x86_64.manylinux_2_5_x86_64.whl (169 kB)
     ━━━━━━━━━━━━━━━━━━━━━━━━━━━━━━━━━━━━━━ 169.8/169.8 kB 49.9 MB/s eta 0:00:00
Requirement already satisfied: setuptools in /root/miniconda3/lib/python3.12/site-packages (from torch>=1.10.0->accelerate==1.1.1->-r requirements.txt (line 10)) (69.5.1)
Requirement already satisfied: sympy>=1.13.3 in /root/miniconda3/lib/python3.12/site-packages (from torch>=1.10.0->accelerate==1.1.1->-r requirements.txt (line 10)) (1.14.0)
Requirement already satisfied: networkx in /root/miniconda3/lib/python3.12/site-packages (from torch>=1.10.0->accelerate==1.1.1->-r requirements.txt (line 10)) (3.5)
Requirement already satisfied: jinja2 in /root/miniconda3/lib/python3.12/site-packages (from torch>=1.10.0->accelerate==1.1.1->-r requirements.txt (line 10)) (3.1.6)
Requirement already satisfied: nvidia-cuda-nvrtc-cu12==12.8.93 in /root/miniconda3/lib/python3.12/site-packages (from torch>=1.10.0->accelerate==1.1.1->-r requirements.txt (line 10)) (12.8.93)
Requirement already satisfied: nvidia-cuda-runtime-cu12==12.8.90 in /root/miniconda3/lib/python3.12/site-packages (from torch>=1.10.0->accelerate==1.1.1->-r requirements.txt (line 10)) (12.8.90)
Requirement already satisfied: nvidia-cuda-cupti-cu12==12.8.90 in /root/miniconda3/lib/python3.12/site-packages (from torch>=1.10.0->accelerate==1.1.1->-r requirements.txt (line 10)) (12.8.90)
Requirement already satisfied: nvidia-cudnn-cu12==9.10.2.21 in /root/miniconda3/lib/python3.12/site-packages (from torch>=1.10.0->accelerate==1.1.1->-r requirements.txt (line 10)) (9.10.2.21)
Requirement already satisfied: nvidia-cublas-cu12==12.8.4.1 in /root/miniconda3/lib/python3.12/site-packages (from torch>=1.10.0->accelerate==1.1.1->-r requirements.txt (line 10)) (12.8.4.1)
Requirement already satisfied: nvidia-cufft-cu12==11.3.3.83 in /root/miniconda3/lib/python3.12/site-packages (from torch>=1.10.0->accelerate==1.1.1->-r requirements.txt (line 10)) (11.3.3.83)
Requirement already satisfied: nvidia-curand-cu12==10.3.9.90 in /root/miniconda3/lib/python3.12/site-packages (from torch>=1.10.0->accelerate==1.1.1->-r requirements.txt (line 10)) (10.3.9.90)
Requirement already satisfied: nvidia-cusolver-cu12==11.7.3.90 in /root/miniconda3/lib/python3.12/site-packages (from torch>=1.10.0->accelerate==1.1.1->-r requirements.txt (line 10)) (11.7.3.90)
Requirement already satisfied: nvidia-cusparse-cu12==12.5.8.93 in /root/miniconda3/lib/python3.12/site-packages (from torch>=1.10.0->accelerate==1.1.1->-r requirements.txt (line 10)) (12.5.8.93)
Requirement already satisfied: nvidia-cusparselt-cu12==0.7.1 in /root/miniconda3/lib/python3.12/site-packages (from torch>=1.10.0->accelerate==1.1.1->-r requirements.txt (line 10)) (0.7.1)
Requirement already satisfied: nvidia-nccl-cu12==2.27.3 in /root/miniconda3/lib/python3.12/site-packages (from torch>=1.10.0->accelerate==1.1.1->-r requirements.txt (line 10)) (2.27.3)
Requirement already satisfied: nvidia-nvtx-cu12==12.8.90 in /root/miniconda3/lib/python3.12/site-packages (from torch>=1.10.0->accelerate==1.1.1->-r requirements.txt (line 10)) (12.8.90)
Requirement already satisfied: nvidia-nvjitlink-cu12==12.8.93 in /root/miniconda3/lib/python3.12/site-packages (from torch>=1.10.0->accelerate==1.1.1->-r requirements.txt (line 10)) (12.8.93)
Requirement already satisfied: nvidia-cufile-cu12==1.13.1.3 in /root/miniconda3/lib/python3.12/site-packages (from torch>=1.10.0->accelerate==1.1.1->-r requirements.txt (line 10)) (1.13.1.3)
Requirement already satisfied: triton==3.4.0 in /root/miniconda3/lib/python3.12/site-packages (from torch>=1.10.0->accelerate==1.1.1->-r requirements.txt (line 10)) (3.4.0)
Requirement already satisfied: mpmath<1.4,>=1.1.0 in /root/miniconda3/lib/python3.12/site-packages (from sympy>=1.13.3->torch>=1.10.0->accelerate==1.1.1->-r requirements.txt (line 10)) (1.3.0)
Requirement already satisfied: MarkupSafe>=2.0 in /root/miniconda3/lib/python3.12/site-packages (from jinja2->torch>=1.10.0->accelerate==1.1.1->-r requirements.txt (line 10)) (3.0.2)
Installing collected packages: pytz, xxhash, wrapt, tzdata, tqdm, threadpoolctl, scipy, safetensors, requests, regex, pyarrow, propcache, multidict, lxml, joblib, hf-xet, fsspec, frozenlist, dill, beautifulsoup4, aiohappyeyeballs, yarl, smart_open, scikit-learn, pandas, multiprocess, huggingface-hub, aiosignal, tokenizers, gensim, aiohttp, transformers, accelerate, datasets, evaluate
  Attempting uninstall: tqdm
    Found existing installation: tqdm 4.66.2
    Uninstalling tqdm-4.66.2:
      Successfully uninstalled tqdm-4.66.2
  Attempting uninstall: requests
    Found existing installation: requests 2.31.0
    Uninstalling requests-2.31.0:
      Successfully uninstalled requests-2.31.0
  Attempting uninstall: fsspec
    Found existing installation: fsspec 2025.7.0
    Uninstalling fsspec-2025.7.0:
      Successfully uninstalled fsspec-2025.7.0
  Attempting uninstall: beautifulsoup4
    Found existing installation: beautifulsoup4 4.13.4
    Uninstalling beautifulsoup4-4.13.4:
      Successfully uninstalled beautifulsoup4-4.13.4
Successfully installed accelerate-1.1.1 aiohappyeyeballs-2.7.1 aiohttp-3.14.1 aiosignal-1.4.0 beautifulsoup4-4.12.3 datasets-3.1.0 dill-0.3.8 evaluate-0.4.3 frozenlist-1.8.0 fsspec-2024.9.0 gensim-4.4.0 hf-xet-1.5.1 huggingface-hub-0.36.2 joblib-1.5.3 lxml-5.3.0 multidict-6.7.1 multiprocess-0.70.16 pandas-2.2.3 propcache-0.5.2 pyarrow-25.0.0 pytz-2026.2 regex-2026.7.10 requests-2.34.2 safetensors-0.8.0 scikit-learn-1.5.2 scipy-1.18.0 smart_open-8.0.0 threadpoolctl-3.6.0 tokenizers-0.20.3 tqdm-4.67.1 transformers-4.46.3 tzdata-2026.3 wrapt-2.2.2 xxhash-3.8.1 yarl-1.24.2
WARNING: Running pip as the 'root' user can result in broken permissions and conflicting behaviour with the system package manager. It is recommended to use a virtual environment instead: https://pip.pypa.io/warnings/venv
