2026-07-16 15:00:27 START imdb_bert_base_trainer.py
2026-07-16 15:12:24 COMPLETE imdb_bert_base_trainer.py
2026-07-16 15:12:24 START imdb_bert_large_trainer.py
2026-07-16 15:46:16 COMPLETE imdb_bert_large_trainer.py
2026-07-16 15:46:16 START imdb_roberta_base_trainer.py
2026-07-16 15:47:01 FAILED imdb_roberta_base_trainer.py exit=1
2026-07-16 16:13:04 RESTART imdb_roberta_base_trainer.py
2026-07-16 16:16:09 FAILED imdb_roberta_base_trainer.py exit=143
2026-07-16 16:16:30 RESTART imdb_roberta_base_trainer.py
2026-07-16 16:18:58 FAILED imdb_roberta_base_trainer.py exit=1
2026-07-16 16:25:13 RESTART imdb_roberta_base_trainer.py
2026-07-16 16:31:28 FAILED imdb_roberta_base_trainer.py exit=143
2026-07-16 16:38:11 RESTART imdb_roberta_base_trainer.py
2026-07-16 16:47:49 COMPLETE imdb_roberta_base_trainer.py
2026-07-16 16:47:49 RESTART imdb_roberta_large_trainer.py
2026-07-16 17:15:31 COMPLETE imdb_roberta_large_trainer.py
2026-07-16 17:15:31 RESTART imdb_deberta_base_trainer.py
2026-07-16 17:34:16 COMPLETE imdb_deberta_base_trainer.py
2026-07-16 17:34:16 RESTART imdb_deberta_large_trainer.py
2026-07-16 17:34:30 FAILED imdb_deberta_large_trainer.py exit=1
2026-07-16 17:45:26 RERUN imdb_roberta_large_trainer.py
2026-07-16 18:13:50 COMPLETE imdb_roberta_large_trainer.py
2026-07-16 18:13:50 RERUN imdb_deberta_large_trainer.py
2026-07-16 18:57:10 RERUN imdb_deberta_large_trainer.py learning_rate=1e-5
2026-07-16 19:41:50 COMPLETE imdb_deberta_large_trainer.py
